{"C:\\Users\\Jiyun\\Desktop\\CPA5\\OSD600\\a1-ssg\\src\\util\\html.js": {"path":"C:\\Users\\Jiyun\\Desktop\\CPA5\\OSD600\\a1-ssg\\src\\util\\html.js","statementMap":{"0":{"start":{"line":1,"column":9},"end":{"line":1,"column":22}},"1":{"start":{"line":4,"column":12},"end":{"line":4,"column":50}},"2":{"start":{"line":4,"column":41},"end":{"line":4,"column":49}},"3":{"start":{"line":5,"column":2},"end":{"line":5,"column":13}},"4":{"start":{"line":8,"column":16},"end":{"line":28,"column":1}},"5":{"start":{"line":8,"column":50},"end":{"line":28,"column":1}},"6":{"start":{"line":31,"column":2},"end":{"line":33,"column":54}},"7":{"start":{"line":37,"column":33},"end":{"line":37,"column":37}},"8":{"start":{"line":39,"column":14},"end":{"line":39,"column":16}},"9":{"start":{"line":40,"column":2},"end":{"line":45,"column":3}},"10":{"start":{"line":41,"column":25},"end":{"line":41,"column":66}},"11":{"start":{"line":42,"column":4},"end":{"line":42,"column":53}},"12":{"start":{"line":42,"column":36},"end":{"line":42,"column":51}},"13":{"start":{"line":44,"column":4},"end":{"line":44,"column":22}},"14":{"start":{"line":47,"column":2},"end":{"line":93,"column":3}},"15":{"start":{"line":48,"column":16},"end":{"line":48,"column":57}},"16":{"start":{"line":49,"column":21},"end":{"line":49,"column":42}},"17":{"start":{"line":50,"column":15},"end":{"line":50,"column":17}},"18":{"start":{"line":51,"column":17},"end":{"line":51,"column":61}},"19":{"start":{"line":52,"column":4},"end":{"line":82,"column":5}},"20":{"start":{"line":53,"column":19},"end":{"line":53,"column":34}},"21":{"start":{"line":54,"column":6},"end":{"line":72,"column":19}},"22":{"start":{"line":55,"column":23},"end":{"line":55,"column":24}},"23":{"start":{"line":57,"column":10},"end":{"line":70,"column":44}},"24":{"start":{"line":58,"column":12},"end":{"line":58,"column":74}},"25":{"start":{"line":59,"column":15},"end":{"line":70,"column":44}},"26":{"start":{"line":60,"column":12},"end":{"line":60,"column":73}},"27":{"start":{"line":61,"column":15},"end":{"line":70,"column":44}},"28":{"start":{"line":62,"column":12},"end":{"line":62,"column":72}},"29":{"start":{"line":63,"column":15},"end":{"line":70,"column":44}},"30":{"start":{"line":64,"column":12},"end":{"line":64,"column":71}},"31":{"start":{"line":65,"column":15},"end":{"line":70,"column":44}},"32":{"start":{"line":66,"column":12},"end":{"line":66,"column":70}},"33":{"start":{"line":67,"column":15},"end":{"line":70,"column":44}},"34":{"start":{"line":68,"column":12},"end":{"line":68,"column":69}},"35":{"start":{"line":69,"column":15},"end":{"line":70,"column":44}},"36":{"start":{"line":69,"column":32},"end":{"line":69,"column":54}},"37":{"start":{"line":70,"column":15},"end":{"line":70,"column":44}},"38":{"start":{"line":73,"column":11},"end":{"line":82,"column":5}},"39":{"start":{"line":74,"column":19},"end":{"line":74,"column":36}},"40":{"start":{"line":75,"column":6},"end":{"line":81,"column":9}},"41":{"start":{"line":76,"column":8},"end":{"line":80,"column":9}},"42":{"start":{"line":77,"column":10},"end":{"line":77,"column":36}},"43":{"start":{"line":79,"column":10},"end":{"line":79,"column":34}},"44":{"start":{"line":83,"column":24},"end":{"line":83,"column":67}},"45":{"start":{"line":84,"column":21},"end":{"line":84,"column":46}},"46":{"start":{"line":85,"column":19},"end":{"line":85,"column":40}},"47":{"start":{"line":86,"column":4},"end":{"line":88,"column":5}},"48":{"start":{"line":87,"column":6},"end":{"line":87,"column":27}},"49":{"start":{"line":89,"column":4},"end":{"line":92,"column":6}},"50":{"start":{"line":96,"column":0},"end":{"line":100,"column":2}}},"fnMap":{"0":{"name":"isKeyInObject","decl":{"start":{"line":3,"column":9},"end":{"line":3,"column":22}},"loc":{"start":{"line":3,"column":33},"end":{"line":6,"column":1}},"line":3},"1":{"name":"(anonymous_1)","decl":{"start":{"line":4,"column":34},"end":{"line":4,"column":35}},"loc":{"start":{"line":4,"column":41},"end":{"line":4,"column":49}},"line":4},"2":{"name":"(anonymous_2)","decl":{"start":{"line":8,"column":16},"end":{"line":8,"column":17}},"loc":{"start":{"line":8,"column":50},"end":{"line":28,"column":1}},"line":8},"3":{"name":"getThemeStyle","decl":{"start":{"line":30,"column":9},"end":{"line":30,"column":22}},"loc":{"start":{"line":30,"column":30},"end":{"line":34,"column":1}},"line":30},"4":{"name":"HTMLgenerator","decl":{"start":{"line":36,"column":15},"end":{"line":36,"column":28}},"loc":{"start":{"line":36,"column":35},"end":{"line":94,"column":1}},"line":36},"5":{"name":"(anonymous_5)","decl":{"start":{"line":42,"column":29},"end":{"line":42,"column":30}},"loc":{"start":{"line":42,"column":36},"end":{"line":42,"column":51}},"line":42},"6":{"name":"(anonymous_6)","decl":{"start":{"line":55,"column":16},"end":{"line":55,"column":17}},"loc":{"start":{"line":55,"column":23},"end":{"line":55,"column":24}},"line":55},"7":{"name":"(anonymous_7)","decl":{"start":{"line":56,"column":13},"end":{"line":56,"column":14}},"loc":{"start":{"line":56,"column":20},"end":{"line":71,"column":9}},"line":56},"8":{"name":"(anonymous_8)","decl":{"start":{"line":75,"column":21},"end":{"line":75,"column":22}},"loc":{"start":{"line":75,"column":31},"end":{"line":81,"column":7}},"line":75}},"branchMap":{"0":{"loc":{"start":{"line":19,"column":6},"end":{"line":19,"column":35}},"type":"binary-expr","locations":[{"start":{"line":19,"column":6},"end":{"line":19,"column":11}},{"start":{"line":19,"column":15},"end":{"line":19,"column":35}}],"line":19},"1":{"loc":{"start":{"line":31,"column":9},"end":{"line":33,"column":53}},"type":"cond-expr","locations":[{"start":{"line":32,"column":6},"end":{"line":32,"column":53}},{"start":{"line":33,"column":6},"end":{"line":33,"column":53}}],"line":31},"2":{"loc":{"start":{"line":40,"column":2},"end":{"line":45,"column":3}},"type":"if","locations":[{"start":{"line":40,"column":2},"end":{"line":45,"column":3}},{"start":{"line":43,"column":9},"end":{"line":45,"column":3}}],"line":40},"3":{"loc":{"start":{"line":51,"column":17},"end":{"line":51,"column":61}},"type":"cond-expr","locations":[{"start":{"line":51,"column":48},"end":{"line":51,"column":54}},{"start":{"line":51,"column":57},"end":{"line":51,"column":61}}],"line":51},"4":{"loc":{"start":{"line":52,"column":4},"end":{"line":82,"column":5}},"type":"if","locations":[{"start":{"line":52,"column":4},"end":{"line":82,"column":5}},{"start":{"line":73,"column":11},"end":{"line":82,"column":5}}],"line":52},"5":{"loc":{"start":{"line":57,"column":10},"end":{"line":70,"column":44}},"type":"if","locations":[{"start":{"line":57,"column":10},"end":{"line":70,"column":44}},{"start":{"line":59,"column":15},"end":{"line":70,"column":44}}],"line":57},"6":{"loc":{"start":{"line":59,"column":15},"end":{"line":70,"column":44}},"type":"if","locations":[{"start":{"line":59,"column":15},"end":{"line":70,"column":44}},{"start":{"line":61,"column":15},"end":{"line":70,"column":44}}],"line":59},"7":{"loc":{"start":{"line":61,"column":15},"end":{"line":70,"column":44}},"type":"if","locations":[{"start":{"line":61,"column":15},"end":{"line":70,"column":44}},{"start":{"line":63,"column":15},"end":{"line":70,"column":44}}],"line":61},"8":{"loc":{"start":{"line":63,"column":15},"end":{"line":70,"column":44}},"type":"if","locations":[{"start":{"line":63,"column":15},"end":{"line":70,"column":44}},{"start":{"line":65,"column":15},"end":{"line":70,"column":44}}],"line":63},"9":{"loc":{"start":{"line":65,"column":15},"end":{"line":70,"column":44}},"type":"if","locations":[{"start":{"line":65,"column":15},"end":{"line":70,"column":44}},{"start":{"line":67,"column":15},"end":{"line":70,"column":44}}],"line":65},"10":{"loc":{"start":{"line":67,"column":15},"end":{"line":70,"column":44}},"type":"if","locations":[{"start":{"line":67,"column":15},"end":{"line":70,"column":44}},{"start":{"line":69,"column":15},"end":{"line":70,"column":44}}],"line":67},"11":{"loc":{"start":{"line":69,"column":15},"end":{"line":70,"column":44}},"type":"if","locations":[{"start":{"line":69,"column":15},"end":{"line":70,"column":44}},{"start":{"line":70,"column":15},"end":{"line":70,"column":44}}],"line":69},"12":{"loc":{"start":{"line":73,"column":11},"end":{"line":82,"column":5}},"type":"if","locations":[{"start":{"line":73,"column":11},"end":{"line":82,"column":5}},{"start":{},"end":{}}],"line":73},"13":{"loc":{"start":{"line":76,"column":8},"end":{"line":80,"column":9}},"type":"if","locations":[{"start":{"line":76,"column":8},"end":{"line":80,"column":9}},{"start":{"line":78,"column":15},"end":{"line":80,"column":9}}],"line":76},"14":{"loc":{"start":{"line":85,"column":19},"end":{"line":85,"column":40}},"type":"binary-expr","locations":[{"start":{"line":85,"column":19},"end":{"line":85,"column":30}},{"start":{"line":85,"column":34},"end":{"line":85,"column":40}}],"line":85},"15":{"loc":{"start":{"line":86,"column":4},"end":{"line":88,"column":5}},"type":"if","locations":[{"start":{"line":86,"column":4},"end":{"line":88,"column":5}},{"start":{},"end":{}}],"line":86}},"s":{"0":1,"1":2,"2":6,"3":2,"4":1,"5":3,"6":3,"7":3,"8":3,"9":3,"10":1,"11":1,"12":5,"13":1,"14":2,"15":2,"16":2,"17":2,"18":2,"19":2,"20":0,"21":0,"22":0,"23":0,"24":0,"25":0,"26":0,"27":0,"28":0,"29":0,"30":0,"31":0,"32":0,"33":0,"34":0,"35":0,"36":0,"37":0,"38":2,"39":2,"40":2,"41":464,"42":2,"43":462,"44":2,"45":2,"46":2,"47":2,"48":0,"49":2,"50":1},"f":{"0":2,"1":6,"2":3,"3":3,"4":3,"5":5,"6":0,"7":0,"8":464},"b":{"0":[3,3],"1":[3,0],"2":[1,1],"3":[2,0],"4":[0,2],"5":[0,0],"6":[0,0],"7":[0,0],"8":[0,0],"9":[0,0],"10":[0,0],"11":[0,0],"12":[2,0],"13":[2,462],"14":[2,2],"15":[0,2]},"_coverageSchema":"1a1c01bbd47fc00a2c39e90264f33305004495a9","hash":"9f4b7e0fb9ba9ef20f4b42c7d7fc2969342171b5"}
}
