TN:
SF:src\util\html.js
FN:3,isKeyInObject
FN:4,(anonymous_1)
FN:8,(anonymous_2)
FN:30,getThemeStyle
FN:36,HTMLgenerator
FN:42,(anonymous_5)
FN:55,(anonymous_6)
FN:56,(anonymous_7)
FN:75,(anonymous_8)
FNF:9
FNH:7
FNDA:2,isKeyInObject
FNDA:6,(anonymous_1)
FNDA:3,(anonymous_2)
FNDA:3,getThemeStyle
FNDA:3,HTMLgenerator
FNDA:5,(anonymous_5)
FNDA:0,(anonymous_6)
FNDA:0,(anonymous_7)
FNDA:464,(anonymous_8)
DA:1,1
DA:4,6
DA:5,2
DA:8,3
DA:31,3
DA:37,3
DA:39,3
DA:40,3
DA:41,1
DA:42,5
DA:44,1
DA:47,2
DA:48,2
DA:49,2
DA:50,2
DA:51,2
DA:52,2
DA:53,0
DA:54,0
DA:55,0
DA:57,0
DA:58,0
DA:59,0
DA:60,0
DA:61,0
DA:62,0
DA:63,0
DA:64,0
DA:65,0
DA:66,0
DA:67,0
DA:68,0
DA:69,0
DA:70,0
DA:73,2
DA:74,2
DA:75,2
DA:76,464
DA:77,2
DA:79,462
DA:83,2
DA:84,2
DA:85,2
DA:86,2
DA:87,0
DA:89,2
DA:96,1
LF:47
LH:29
BRDA:19,0,0,3
BRDA:19,0,1,3
BRDA:31,1,0,3
BRDA:31,1,1,0
BRDA:40,2,0,1
BRDA:40,2,1,1
BRDA:51,3,0,2
BRDA:51,3,1,0
BRDA:52,4,0,0
BRDA:52,4,1,2
BRDA:57,5,0,0
BRDA:57,5,1,0
BRDA:59,6,0,0
BRDA:59,6,1,0
BRDA:61,7,0,0
BRDA:61,7,1,0
BRDA:63,8,0,0
BRDA:63,8,1,0
BRDA:65,9,0,0
BRDA:65,9,1,0
BRDA:67,10,0,0
BRDA:67,10,1,0
BRDA:69,11,0,0
BRDA:69,11,1,0
BRDA:73,12,0,2
BRDA:73,12,1,0
BRDA:76,13,0,2
BRDA:76,13,1,462
BRDA:85,14,0,2
BRDA:85,14,1,2
BRDA:86,15,0,0
BRDA:86,15,1,2
BRF:32
BRH:13
end_of_record
